生成启动时间为 2014/7/18 星期五 0:07:53。
     1>项目“E:\github\Echo\csvtodat\csvtodat\csvtodat.vcxproj”在节点 2 上(rebuild 个目标)。
     1>_PrepareForClean:
         正在删除文件“Debug\csvtodat.lastbuildstate”。
       InitializeBuildStatus:
         正在创建“Debug\csvtodat.unsuccessfulbuild”，因为已指定“AlwaysCreate”。
       ClCompile:
         d:\Program Files (x86)\Microsoft Visual Studio 10.0\VC\bin\CL.exe /c /ZI /nologo /W3 /WX- /Od /Oy- /D WIN32 /D _DEBUG /D _CONSOLE /D _UNICODE /D UNICODE /Gm /EHsc /RTC1 /MDd /GS /fp:precise /Zc:wchar_t /Zc:forScope /Fo"Debug\\" /Fd"Debug\vc100.pdb" /Gd /TP /analyze- /errorReport:prompt test.cpp
         test.cpp
       Link:
         d:\Program Files (x86)\Microsoft Visual Studio 10.0\VC\bin\link.exe /ERRORREPORT:PROMPT /OUT:"E:\github\Echo\csvtodat\Debug\csvtodat.exe" /INCREMENTAL /NOLOGO kernel32.lib user32.lib gdi32.lib winspool.lib comdlg32.lib advapi32.lib shell32.lib ole32.lib oleaut32.lib uuid.lib odbc32.lib odbccp32.lib /MANIFEST /ManifestFile:"Debug\csvtodat.exe.intermediate.manifest" /MANIFESTUAC:"level='asInvoker' uiAccess='false'" /DEBUG /PDB:"E:\github\Echo\csvtodat\Debug\csvtodat.pdb" /SUBSYSTEM:CONSOLE /TLBID:1 /DYNAMICBASE /NXCOMPAT /IMPLIB:"E:\github\Echo\csvtodat\Debug\csvtodat.lib" /MACHINE:X86 Debug\test.obj
         csvtodat.vcxproj -> E:\github\Echo\csvtodat\Debug\csvtodat.exe
       Manifest:
         C:\Program Files (x86)\Microsoft SDKs\Windows\v7.0A\bin\mt.exe /nologo /verbose /out:"E:\github\Echo\csvtodat\Debug\csvtodat.exe.manifest" /manifest Debug\csvtodat.exe.intermediate.manifest
       FinalizeBuildStatus:
         正在删除文件“Debug\csvtodat.unsuccessfulbuild”。
         正在对“Debug\csvtodat.lastbuildstate”执行 Touch 任务。
     1>已完成生成项目“E:\github\Echo\csvtodat\csvtodat\csvtodat.vcxproj”(rebuild 个目标)的操作。

生成成功。

已用时间 00:00:01.52
